<?xml version="1.0" encoding="UTF-8"?>
<testng-results skipped="0" failed="0" ignored="0" total="1" passed="1">
  <reporter-output>
    <line>
      <![CDATA[AT Opening the browser]]>
    </line>
    <line>
      <![CDATA[AT Login]]>
    </line>
  </reporter-output>
  <suite name="Default suite" duration-ms="16789" started-at="2023-04-08T17:12:10 IST" finished-at="2023-04-08T17:12:27 IST">
    <groups>
    </groups>
    <test name="Default test" duration-ms="16789" started-at="2023-04-08T17:12:10 IST" finished-at="2023-04-08T17:12:27 IST">
      <class name="com.actitime.testscripts.ATProjectModule">
        <test-method status="PASS" signature="openBrowser()[pri:0, instance:com.actitime.testscripts.ATProjectModule@12f41634]" name="openBrowser" is-config="true" duration-ms="1842" started-at="2023-04-08T17:12:10 IST" finished-at="2023-04-08T17:12:12 IST">
          <reporter-output>
            <line>
              <![CDATA[AT Opening the browser]]>
            </line>
          </reporter-output>
        </test-method> <!-- openBrowser -->
        <test-method status="PASS" signature="login()[pri:0, instance:com.actitime.testscripts.ATProjectModule@12f41634]" name="login" is-config="true" duration-ms="6492" started-at="2023-04-08T17:12:12 IST" finished-at="2023-04-08T17:12:18 IST">
          <reporter-output>
            <line>
              <![CDATA[AT Login]]>
            </line>
          </reporter-output>
        </test-method> <!-- login -->
        <test-method status="PASS" signature="testCreateProject()[pri:0, instance:com.actitime.testscripts.ATProjectModule@12f41634]" name="testCreateProject" duration-ms="8369" started-at="2023-04-08T17:12:18 IST" finished-at="2023-04-08T17:12:27 IST">
          <reporter-output>
          </reporter-output>
        </test-method> <!-- testCreateProject -->
      </class> <!-- com.actitime.testscripts.ATProjectModule -->
    </test> <!-- Default test -->
  </suite> <!-- Default suite -->
</testng-results>
