<?xml version="1.0" encoding="UTF-8"?>
<!-- Generated by org.testng.reporters.JUnitXMLReporter -->
<testsuite hostname="DESKTOP-D7DSST7" ignored="2" name="Default test(failed)" tests="1" failures="1" timestamp="2023-03-14T13:20:22 IST" time="0.04" errors="0">
  <testcase name="deletePilot" time="0.008" classname="com.actitime.testscripts.PilotModule">
    <failure type="java.lang.AssertionError" message="null">
      <![CDATA[java.lang.AssertionError: null
at com.actitime.testscripts.PilotModule.deletePilot(PilotModule.java:23)
at java.util.ArrayList.forEach(Unknown Source)
... Removed 29 stack frames]]>
    </failure>
  </testcase> <!-- deletePilot -->
  <testcase name="editPilot" time="0.0" classname="com.actitime.testscripts.PilotModule">
    <ignored/>
  </testcase> <!-- editPilot -->
  <testcase name="addPilot" time="0.0" classname="com.actitime.testscripts.PilotModule">
    <ignored/>
  </testcase> <!-- addPilot -->
</testsuite> <!-- Default test(failed) -->
